<?xml version="1.0" encoding="UTF-8"?>
<testsuite xmlns:xsi="http://www.w3.org/2001/XMLSchema-instance" xsi:noNamespaceSchemaLocation="https://maven.apache.org/surefire/maven-surefire-plugin/xsd/surefire-test-report.xsd" name="com.llf.Test" time="12.601" tests="1" errors="0" skipped="0" failures="0">
  <properties>
    <property name="sun.desktop" value="windows"/>
    <property name="awt.toolkit" value="sun.awt.windows.WToolkit"/>
    <property name="file.encoding.pkg" value="sun.io"/>
    <property name="java.specification.version" value="1.8"/>
    <property name="sun.cpu.isalist" value="amd64"/>
    <property name="sun.jnu.encoding" value="GBK"/>
    <property name="java.class.path" value="C:\code\mall-cloud\mall-user\target\test-classes;C:\code\mall-cloud\mall-user\target\classes;D:\dev\localRepository\org\springframework\cloud\spring-cloud-starter-netflix-eureka-client\3.1.4\spring-cloud-starter-netflix-eureka-client-3.1.4.jar;D:\dev\localRepository\org\springframework\cloud\spring-cloud-starter\3.1.4\spring-cloud-starter-3.1.4.jar;D:\dev\localRepository\org\springframework\cloud\spring-cloud-context\3.1.4\spring-cloud-context-3.1.4.jar;D:\dev\localRepository\org\springframework\security\spring-security-rsa\1.0.11.RELEASE\spring-security-rsa-1.0.11.RELEASE.jar;D:\dev\localRepository\org\bouncycastle\bcpkix-jdk15on\1.69\bcpkix-jdk15on-1.69.jar;D:\dev\localRepository\org\bouncycastle\bcutil-jdk15on\1.69\bcutil-jdk15on-1.69.jar;D:\dev\localRepository\org\springframework\cloud\spring-cloud-netflix-eureka-client\3.1.4\spring-cloud-netflix-eureka-client-3.1.4.jar;D:\dev\localRepository\com\netflix\eureka\eureka-client\1.10.17\eureka-client-1.10.17.jar;D:\dev\localRepository\com\netflix\netflix-commons\netflix-eventbus\0.3.0\netflix-eventbus-0.3.0.jar;D:\dev\localRepository\com\netflix\netflix-commons\netflix-infix\0.3.0\netflix-infix-0.3.0.jar;D:\dev\localRepository\commons-jxpath\commons-jxpath\1.3\commons-jxpath-1.3.jar;D:\dev\localRepository\joda-time\joda-time\2.3\joda-time-2.3.jar;D:\dev\localRepository\org\antlr\antlr-runtime\3.4\antlr-runtime-3.4.jar;D:\dev\localRepository\org\antlr\stringtemplate\3.2.1\stringtemplate-3.2.1.jar;D:\dev\localRepository\antlr\antlr\2.7.7\antlr-2.7.7.jar;D:\dev\localRepository\com\google\code\gson\gson\2.9.1\gson-2.9.1.jar;D:\dev\localRepository\org\apache\commons\commons-math\2.2\commons-math-2.2.jar;D:\dev\localRepository\com\thoughtworks\xstream\xstream\1.4.18\xstream-1.4.18.jar;D:\dev\localRepository\io\github\x-stream\mxparser\1.2.2\mxparser-1.2.2.jar;D:\dev\localRepository\xmlpull\xmlpull\1.1.3.1\xmlpull-1.1.3.1.jar;D:\dev\localRepository\javax\ws\rs\jsr311-api\1.1.1\jsr311-api-1.1.1.jar;D:\dev\localRepository\com\netflix\servo\servo-core\0.12.21\servo-core-0.12.21.jar;D:\dev\localRepository\com\google\guava\guava\19.0\guava-19.0.jar;D:\dev\localRepository\org\apache\httpcomponents\httpclient\4.5.13\httpclient-4.5.13.jar;D:\dev\localRepository\org\apache\httpcomponents\httpcore\4.4.15\httpcore-4.4.15.jar;D:\dev\localRepository\commons-codec\commons-codec\1.15\commons-codec-1.15.jar;D:\dev\localRepository\commons-configuration\commons-configuration\1.10\commons-configuration-1.10.jar;D:\dev\localRepository\commons-lang\commons-lang\2.6\commons-lang-2.6.jar;D:\dev\localRepository\com\google\inject\guice\4.1.0\guice-4.1.0.jar;D:\dev\localRepository\javax\inject\javax.inject\1\javax.inject-1.jar;D:\dev\localRepository\com\fasterxml\jackson\core\jackson-annotations\2.13.4\jackson-annotations-2.13.4.jar;D:\dev\localRepository\com\fasterxml\jackson\core\jackson-core\2.13.4\jackson-core-2.13.4.jar;D:\dev\localRepository\com\fasterxml\jackson\core\jackson-databind\2.13.4\jackson-databind-2.13.4.jar;D:\dev\localRepository\org\codehaus\jettison\jettison\1.4.0\jettison-1.4.0.jar;D:\dev\localRepository\com\netflix\eureka\eureka-core\1.10.17\eureka-core-1.10.17.jar;D:\dev\localRepository\com\fasterxml\woodstox\woodstox-core\6.2.1\woodstox-core-6.2.1.jar;D:\dev\localRepository\org\codehaus\woodstox\stax2-api\4.2.1\stax2-api-4.2.1.jar;D:\dev\localRepository\org\springframework\cloud\spring-cloud-starter-loadbalancer\3.1.4\spring-cloud-starter-loadbalancer-3.1.4.jar;D:\dev\localRepository\org\springframework\cloud\spring-cloud-loadbalancer\3.1.4\spring-cloud-loadbalancer-3.1.4.jar;D:\dev\localRepository\io\projectreactor\addons\reactor-extra\3.4.8\reactor-extra-3.4.8.jar;D:\dev\localRepository\org\springframework\boot\spring-boot-starter-cache\2.7.4\spring-boot-starter-cache-2.7.4.jar;D:\dev\localRepository\com\stoyanr\evictor\1.0.0\evictor-1.0.0.jar;D:\dev\localRepository\org\bouncycastle\bcprov-jdk15on\1.68\bcprov-jdk15on-1.68.jar;D:\dev\localRepository\org\springframework\boot\spring-boot-starter-web\2.7.4\spring-boot-starter-web-2.7.4.jar;D:\dev\localRepository\org\springframework\boot\spring-boot-starter\2.7.4\spring-boot-starter-2.7.4.jar;D:\dev\localRepository\org\springframework\boot\spring-boot\2.7.4\spring-boot-2.7.4.jar;D:\dev\localRepository\org\springframework\boot\spring-boot-autoconfigure\2.7.4\spring-boot-autoconfigure-2.7.4.jar;D:\dev\localRepository\org\springframework\boot\spring-boot-starter-logging\2.7.4\spring-boot-starter-logging-2.7.4.jar;D:\dev\localRepository\ch\qos\logback\logback-classic\1.2.11\logback-classic-1.2.11.jar;D:\dev\localRepository\ch\qos\logback\logback-core\1.2.11\logback-core-1.2.11.jar;D:\dev\localRepository\org\apache\logging\log4j\log4j-to-slf4j\2.17.2\log4j-to-slf4j-2.17.2.jar;D:\dev\localRepository\org\apache\logging\log4j\log4j-api\2.17.2\log4j-api-2.17.2.jar;D:\dev\localRepository\org\slf4j\jul-to-slf4j\1.7.36\jul-to-slf4j-1.7.36.jar;D:\dev\localRepository\jakarta\annotation\jakarta.annotation-api\1.3.5\jakarta.annotation-api-1.3.5.jar;D:\dev\localRepository\org\yaml\snakeyaml\1.30\snakeyaml-1.30.jar;D:\dev\localRepository\org\springframework\boot\spring-boot-starter-json\2.7.4\spring-boot-starter-json-2.7.4.jar;D:\dev\localRepository\com\fasterxml\jackson\datatype\jackson-datatype-jdk8\2.13.4\jackson-datatype-jdk8-2.13.4.jar;D:\dev\localRepository\com\fasterxml\jackson\datatype\jackson-datatype-jsr310\2.13.4\jackson-datatype-jsr310-2.13.4.jar;D:\dev\localRepository\com\fasterxml\jackson\module\jackson-module-parameter-names\2.13.4\jackson-module-parameter-names-2.13.4.jar;D:\dev\localRepository\org\springframework\boot\spring-boot-starter-tomcat\2.7.4\spring-boot-starter-tomcat-2.7.4.jar;D:\dev\localRepository\org\apache\tomcat\embed\tomcat-embed-core\9.0.65\tomcat-embed-core-9.0.65.jar;D:\dev\localRepository\org\apache\tomcat\embed\tomcat-embed-el\9.0.65\tomcat-embed-el-9.0.65.jar;D:\dev\localRepository\org\apache\tomcat\embed\tomcat-embed-websocket\9.0.65\tomcat-embed-websocket-9.0.65.jar;D:\dev\localRepository\org\springframework\spring-web\5.3.23\spring-web-5.3.23.jar;D:\dev\localRepository\org\springframework\spring-beans\5.3.23\spring-beans-5.3.23.jar;D:\dev\localRepository\org\springframework\spring-webmvc\5.3.23\spring-webmvc-5.3.23.jar;D:\dev\localRepository\org\springframework\spring-aop\5.3.23\spring-aop-5.3.23.jar;D:\dev\localRepository\org\springframework\spring-context\5.3.23\spring-context-5.3.23.jar;D:\dev\localRepository\org\springframework\spring-expression\5.3.23\spring-expression-5.3.23.jar;D:\dev\localRepository\org\mybatis\spring\boot\mybatis-spring-boot-starter\2.2.0\mybatis-spring-boot-starter-2.2.0.jar;D:\dev\localRepository\org\springframework\boot\spring-boot-starter-jdbc\2.7.4\spring-boot-starter-jdbc-2.7.4.jar;D:\dev\localRepository\com\zaxxer\HikariCP\4.0.3\HikariCP-4.0.3.jar;D:\dev\localRepository\org\springframework\spring-jdbc\5.3.23\spring-jdbc-5.3.23.jar;D:\dev\localRepository\org\mybatis\spring\boot\mybatis-spring-boot-autoconfigure\2.2.0\mybatis-spring-boot-autoconfigure-2.2.0.jar;D:\dev\localRepository\org\mybatis\mybatis\3.5.7\mybatis-3.5.7.jar;D:\dev\localRepository\org\mybatis\mybatis-spring\2.0.6\mybatis-spring-2.0.6.jar;D:\dev\localRepository\org\springframework\boot\spring-boot-starter-data-redis\2.7.4\spring-boot-starter-data-redis-2.7.4.jar;D:\dev\localRepository\org\springframework\data\spring-data-redis\2.7.3\spring-data-redis-2.7.3.jar;D:\dev\localRepository\org\springframework\data\spring-data-keyvalue\2.7.3\spring-data-keyvalue-2.7.3.jar;D:\dev\localRepository\org\springframework\data\spring-data-commons\2.7.3\spring-data-commons-2.7.3.jar;D:\dev\localRepository\org\springframework\spring-tx\5.3.23\spring-tx-5.3.23.jar;D:\dev\localRepository\org\springframework\spring-oxm\5.3.23\spring-oxm-5.3.23.jar;D:\dev\localRepository\org\springframework\spring-context-support\5.3.23\spring-context-support-5.3.23.jar;D:\dev\localRepository\org\slf4j\slf4j-api\1.7.36\slf4j-api-1.7.36.jar;D:\dev\localRepository\io\lettuce\lettuce-core\6.1.9.RELEASE\lettuce-core-6.1.9.RELEASE.jar;D:\dev\localRepository\io\netty\netty-common\4.1.82.Final\netty-common-4.1.82.Final.jar;D:\dev\localRepository\io\netty\netty-handler\4.1.82.Final\netty-handler-4.1.82.Final.jar;D:\dev\localRepository\io\netty\netty-resolver\4.1.82.Final\netty-resolver-4.1.82.Final.jar;D:\dev\localRepository\io\netty\netty-buffer\4.1.82.Final\netty-buffer-4.1.82.Final.jar;D:\dev\localRepository\io\netty\netty-transport-native-unix-common\4.1.82.Final\netty-transport-native-unix-common-4.1.82.Final.jar;D:\dev\localRepository\io\netty\netty-codec\4.1.82.Final\netty-codec-4.1.82.Final.jar;D:\dev\localRepository\io\netty\netty-transport\4.1.82.Final\netty-transport-4.1.82.Final.jar;D:\dev\localRepository\io\projectreactor\reactor-core\3.4.23\reactor-core-3.4.23.jar;D:\dev\localRepository\org\reactivestreams\reactive-streams\1.0.4\reactive-streams-1.0.4.jar;D:\dev\localRepository\org\springframework\session\spring-session-data-redis\2.7.0\spring-session-data-redis-2.7.0.jar;D:\dev\localRepository\org\springframework\session\spring-session-core\2.7.0\spring-session-core-2.7.0.jar;D:\dev\localRepository\org\springframework\spring-jcl\5.3.23\spring-jcl-5.3.23.jar;D:\dev\localRepository\org\apache\commons\commons-pool2\2.11.1\commons-pool2-2.11.1.jar;D:\dev\localRepository\mysql\mysql-connector-java\8.0.30\mysql-connector-java-8.0.30.jar;D:\dev\localRepository\cn\hutool\hutool-all\5.7.22\hutool-all-5.7.22.jar;D:\dev\localRepository\org\projectlombok\lombok\1.16.20\lombok-1.16.20.jar;D:\dev\localRepository\org\springframework\boot\spring-boot-starter-test\2.7.4\spring-boot-starter-test-2.7.4.jar;D:\dev\localRepository\org\springframework\boot\spring-boot-test\2.7.4\spring-boot-test-2.7.4.jar;D:\dev\localRepository\org\springframework\boot\spring-boot-test-autoconfigure\2.7.4\spring-boot-test-autoconfigure-2.7.4.jar;D:\dev\localRepository\com\jayway\jsonpath\json-path\2.7.0\json-path-2.7.0.jar;D:\dev\localRepository\net\minidev\json-smart\2.4.8\json-smart-2.4.8.jar;D:\dev\localRepository\net\minidev\accessors-smart\2.4.8\accessors-smart-2.4.8.jar;D:\dev\localRepository\org\ow2\asm\asm\9.1\asm-9.1.jar;D:\dev\localRepository\jakarta\xml\bind\jakarta.xml.bind-api\2.3.3\jakarta.xml.bind-api-2.3.3.jar;D:\dev\localRepository\jakarta\activation\jakarta.activation-api\1.2.2\jakarta.activation-api-1.2.2.jar;D:\dev\localRepository\org\assertj\assertj-core\3.22.0\assertj-core-3.22.0.jar;D:\dev\localRepository\org\hamcrest\hamcrest\2.2\hamcrest-2.2.jar;D:\dev\localRepository\org\junit\jupiter\junit-jupiter\5.8.2\junit-jupiter-5.8.2.jar;D:\dev\localRepository\org\junit\jupiter\junit-jupiter-api\5.8.2\junit-jupiter-api-5.8.2.jar;D:\dev\localRepository\org\opentest4j\opentest4j\1.2.0\opentest4j-1.2.0.jar;D:\dev\localRepository\org\junit\platform\junit-platform-commons\1.8.2\junit-platform-commons-1.8.2.jar;D:\dev\localRepository\org\apiguardian\apiguardian-api\1.1.2\apiguardian-api-1.1.2.jar;D:\dev\localRepository\org\junit\jupiter\junit-jupiter-params\5.8.2\junit-jupiter-params-5.8.2.jar;D:\dev\localRepository\org\junit\jupiter\junit-jupiter-engine\5.8.2\junit-jupiter-engine-5.8.2.jar;D:\dev\localRepository\org\junit\platform\junit-platform-engine\1.8.2\junit-platform-engine-1.8.2.jar;D:\dev\localRepository\org\mockito\mockito-core\4.5.1\mockito-core-4.5.1.jar;D:\dev\localRepository\net\bytebuddy\byte-buddy\1.12.17\byte-buddy-1.12.17.jar;D:\dev\localRepository\net\bytebuddy\byte-buddy-agent\1.12.17\byte-buddy-agent-1.12.17.jar;D:\dev\localRepository\org\objenesis\objenesis\3.2\objenesis-3.2.jar;D:\dev\localRepository\org\mockito\mockito-junit-jupiter\4.5.1\mockito-junit-jupiter-4.5.1.jar;D:\dev\localRepository\org\skyscreamer\jsonassert\1.5.1\jsonassert-1.5.1.jar;D:\dev\localRepository\com\vaadin\external\google\android-json\0.0.20131108.vaadin1\android-json-0.0.20131108.vaadin1.jar;D:\dev\localRepository\org\springframework\spring-core\5.3.23\spring-core-5.3.23.jar;D:\dev\localRepository\org\springframework\spring-test\5.3.23\spring-test-5.3.23.jar;D:\dev\localRepository\org\xmlunit\xmlunit-core\2.9.0\xmlunit-core-2.9.0.jar;D:\dev\localRepository\junit\junit\4.13.2\junit-4.13.2.jar;D:\dev\localRepository\org\hamcrest\hamcrest-core\2.2\hamcrest-core-2.2.jar;D:\dev\localRepository\com\alibaba\fastjson\1.2.58\fastjson-1.2.58.jar;D:\dev\localRepository\org\springframework\cloud\spring-cloud-starter-openfeign\3.1.4\spring-cloud-starter-openfeign-3.1.4.jar;D:\dev\localRepository\org\springframework\cloud\spring-cloud-openfeign-core\3.1.4\spring-cloud-openfeign-core-3.1.4.jar;D:\dev\localRepository\org\springframework\boot\spring-boot-starter-aop\2.7.4\spring-boot-starter-aop-2.7.4.jar;D:\dev\localRepository\org\aspectj\aspectjweaver\1.9.7\aspectjweaver-1.9.7.jar;D:\dev\localRepository\io\github\openfeign\form\feign-form-spring\3.8.0\feign-form-spring-3.8.0.jar;D:\dev\localRepository\io\github\openfeign\form\feign-form\3.8.0\feign-form-3.8.0.jar;D:\dev\localRepository\commons-fileupload\commons-fileupload\1.4\commons-fileupload-1.4.jar;D:\dev\localRepository\org\springframework\cloud\spring-cloud-commons\3.1.4\spring-cloud-commons-3.1.4.jar;D:\dev\localRepository\org\springframework\security\spring-security-crypto\5.7.3\spring-security-crypto-5.7.3.jar;D:\dev\localRepository\io\github\openfeign\feign-core\11.8\feign-core-11.8.jar;D:\dev\localRepository\io\github\openfeign\feign-slf4j\11.8\feign-slf4j-11.8.jar;D:\dev\localRepository\commons-beanutils\commons-beanutils\1.9.3\commons-beanutils-1.9.3.jar;D:\dev\localRepository\commons-logging\commons-logging\1.2\commons-logging-1.2.jar;D:\dev\localRepository\commons-collections\commons-collections\3.2.2\commons-collections-3.2.2.jar;"/>
    <property name="java.vm.vendor" value="Oracle Corporation"/>
    <property name="sun.arch.data.model" value="64"/>
    <property name="user.variant" value=""/>
    <property name="java.vendor.url" value="http://java.oracle.com/"/>
    <property name="user.timezone" value="Asia/Shanghai"/>
    <property name="java.vm.specification.version" value="1.8"/>
    <property name="os.name" value="Windows 10"/>
    <property name="user.country" value="CN"/>
    <property name="sun.java.launcher" value="SUN_STANDARD"/>
    <property name="sun.boot.library.path" value="D:\Java\jdk1.8.0_202\jre\bin"/>
    <property name="sun.java.command" value="C:\Users\LONGLU~1\AppData\Local\Temp\surefire4110667956405992831\surefirebooter2123733541729494352.jar C:\Users\longlufeng\AppData\Local\Temp\surefire4110667956405992831 2024-06-25T20-40-37_264-jvmRun1 surefire5668710701002103104tmp surefire_05733352176818036121tmp"/>
    <property name="surefire.test.class.path" value="C:\code\mall-cloud\mall-user\target\test-classes;C:\code\mall-cloud\mall-user\target\classes;D:\dev\localRepository\org\springframework\cloud\spring-cloud-starter-netflix-eureka-client\3.1.4\spring-cloud-starter-netflix-eureka-client-3.1.4.jar;D:\dev\localRepository\org\springframework\cloud\spring-cloud-starter\3.1.4\spring-cloud-starter-3.1.4.jar;D:\dev\localRepository\org\springframework\cloud\spring-cloud-context\3.1.4\spring-cloud-context-3.1.4.jar;D:\dev\localRepository\org\springframework\security\spring-security-rsa\1.0.11.RELEASE\spring-security-rsa-1.0.11.RELEASE.jar;D:\dev\localRepository\org\bouncycastle\bcpkix-jdk15on\1.69\bcpkix-jdk15on-1.69.jar;D:\dev\localRepository\org\bouncycastle\bcutil-jdk15on\1.69\bcutil-jdk15on-1.69.jar;D:\dev\localRepository\org\springframework\cloud\spring-cloud-netflix-eureka-client\3.1.4\spring-cloud-netflix-eureka-client-3.1.4.jar;D:\dev\localRepository\com\netflix\eureka\eureka-client\1.10.17\eureka-client-1.10.17.jar;D:\dev\localRepository\com\netflix\netflix-commons\netflix-eventbus\0.3.0\netflix-eventbus-0.3.0.jar;D:\dev\localRepository\com\netflix\netflix-commons\netflix-infix\0.3.0\netflix-infix-0.3.0.jar;D:\dev\localRepository\commons-jxpath\commons-jxpath\1.3\commons-jxpath-1.3.jar;D:\dev\localRepository\joda-time\joda-time\2.3\joda-time-2.3.jar;D:\dev\localRepository\org\antlr\antlr-runtime\3.4\antlr-runtime-3.4.jar;D:\dev\localRepository\org\antlr\stringtemplate\3.2.1\stringtemplate-3.2.1.jar;D:\dev\localRepository\antlr\antlr\2.7.7\antlr-2.7.7.jar;D:\dev\localRepository\com\google\code\gson\gson\2.9.1\gson-2.9.1.jar;D:\dev\localRepository\org\apache\commons\commons-math\2.2\commons-math-2.2.jar;D:\dev\localRepository\com\thoughtworks\xstream\xstream\1.4.18\xstream-1.4.18.jar;D:\dev\localRepository\io\github\x-stream\mxparser\1.2.2\mxparser-1.2.2.jar;D:\dev\localRepository\xmlpull\xmlpull\1.1.3.1\xmlpull-1.1.3.1.jar;D:\dev\localRepository\javax\ws\rs\jsr311-api\1.1.1\jsr311-api-1.1.1.jar;D:\dev\localRepository\com\netflix\servo\servo-core\0.12.21\servo-core-0.12.21.jar;D:\dev\localRepository\com\google\guava\guava\19.0\guava-19.0.jar;D:\dev\localRepository\org\apache\httpcomponents\httpclient\4.5.13\httpclient-4.5.13.jar;D:\dev\localRepository\org\apache\httpcomponents\httpcore\4.4.15\httpcore-4.4.15.jar;D:\dev\localRepository\commons-codec\commons-codec\1.15\commons-codec-1.15.jar;D:\dev\localRepository\commons-configuration\commons-configuration\1.10\commons-configuration-1.10.jar;D:\dev\localRepository\commons-lang\commons-lang\2.6\commons-lang-2.6.jar;D:\dev\localRepository\com\google\inject\guice\4.1.0\guice-4.1.0.jar;D:\dev\localRepository\javax\inject\javax.inject\1\javax.inject-1.jar;D:\dev\localRepository\com\fasterxml\jackson\core\jackson-annotations\2.13.4\jackson-annotations-2.13.4.jar;D:\dev\localRepository\com\fasterxml\jackson\core\jackson-core\2.13.4\jackson-core-2.13.4.jar;D:\dev\localRepository\com\fasterxml\jackson\core\jackson-databind\2.13.4\jackson-databind-2.13.4.jar;D:\dev\localRepository\org\codehaus\jettison\jettison\1.4.0\jettison-1.4.0.jar;D:\dev\localRepository\com\netflix\eureka\eureka-core\1.10.17\eureka-core-1.10.17.jar;D:\dev\localRepository\com\fasterxml\woodstox\woodstox-core\6.2.1\woodstox-core-6.2.1.jar;D:\dev\localRepository\org\codehaus\woodstox\stax2-api\4.2.1\stax2-api-4.2.1.jar;D:\dev\localRepository\org\springframework\cloud\spring-cloud-starter-loadbalancer\3.1.4\spring-cloud-starter-loadbalancer-3.1.4.jar;D:\dev\localRepository\org\springframework\cloud\spring-cloud-loadbalancer\3.1.4\spring-cloud-loadbalancer-3.1.4.jar;D:\dev\localRepository\io\projectreactor\addons\reactor-extra\3.4.8\reactor-extra-3.4.8.jar;D:\dev\localRepository\org\springframework\boot\spring-boot-starter-cache\2.7.4\spring-boot-starter-cache-2.7.4.jar;D:\dev\localRepository\com\stoyanr\evictor\1.0.0\evictor-1.0.0.jar;D:\dev\localRepository\org\bouncycastle\bcprov-jdk15on\1.68\bcprov-jdk15on-1.68.jar;D:\dev\localRepository\org\springframework\boot\spring-boot-starter-web\2.7.4\spring-boot-starter-web-2.7.4.jar;D:\dev\localRepository\org\springframework\boot\spring-boot-starter\2.7.4\spring-boot-starter-2.7.4.jar;D:\dev\localRepository\org\springframework\boot\spring-boot\2.7.4\spring-boot-2.7.4.jar;D:\dev\localRepository\org\springframework\boot\spring-boot-autoconfigure\2.7.4\spring-boot-autoconfigure-2.7.4.jar;D:\dev\localRepository\org\springframework\boot\spring-boot-starter-logging\2.7.4\spring-boot-starter-logging-2.7.4.jar;D:\dev\localRepository\ch\qos\logback\logback-classic\1.2.11\logback-classic-1.2.11.jar;D:\dev\localRepository\ch\qos\logback\logback-core\1.2.11\logback-core-1.2.11.jar;D:\dev\localRepository\org\apache\logging\log4j\log4j-to-slf4j\2.17.2\log4j-to-slf4j-2.17.2.jar;D:\dev\localRepository\org\apache\logging\log4j\log4j-api\2.17.2\log4j-api-2.17.2.jar;D:\dev\localRepository\org\slf4j\jul-to-slf4j\1.7.36\jul-to-slf4j-1.7.36.jar;D:\dev\localRepository\jakarta\annotation\jakarta.annotation-api\1.3.5\jakarta.annotation-api-1.3.5.jar;D:\dev\localRepository\org\yaml\snakeyaml\1.30\snakeyaml-1.30.jar;D:\dev\localRepository\org\springframework\boot\spring-boot-starter-json\2.7.4\spring-boot-starter-json-2.7.4.jar;D:\dev\localRepository\com\fasterxml\jackson\datatype\jackson-datatype-jdk8\2.13.4\jackson-datatype-jdk8-2.13.4.jar;D:\dev\localRepository\com\fasterxml\jackson\datatype\jackson-datatype-jsr310\2.13.4\jackson-datatype-jsr310-2.13.4.jar;D:\dev\localRepository\com\fasterxml\jackson\module\jackson-module-parameter-names\2.13.4\jackson-module-parameter-names-2.13.4.jar;D:\dev\localRepository\org\springframework\boot\spring-boot-starter-tomcat\2.7.4\spring-boot-starter-tomcat-2.7.4.jar;D:\dev\localRepository\org\apache\tomcat\embed\tomcat-embed-core\9.0.65\tomcat-embed-core-9.0.65.jar;D:\dev\localRepository\org\apache\tomcat\embed\tomcat-embed-el\9.0.65\tomcat-embed-el-9.0.65.jar;D:\dev\localRepository\org\apache\tomcat\embed\tomcat-embed-websocket\9.0.65\tomcat-embed-websocket-9.0.65.jar;D:\dev\localRepository\org\springframework\spring-web\5.3.23\spring-web-5.3.23.jar;D:\dev\localRepository\org\springframework\spring-beans\5.3.23\spring-beans-5.3.23.jar;D:\dev\localRepository\org\springframework\spring-webmvc\5.3.23\spring-webmvc-5.3.23.jar;D:\dev\localRepository\org\springframework\spring-aop\5.3.23\spring-aop-5.3.23.jar;D:\dev\localRepository\org\springframework\spring-context\5.3.23\spring-context-5.3.23.jar;D:\dev\localRepository\org\springframework\spring-expression\5.3.23\spring-expression-5.3.23.jar;D:\dev\localRepository\org\mybatis\spring\boot\mybatis-spring-boot-starter\2.2.0\mybatis-spring-boot-starter-2.2.0.jar;D:\dev\localRepository\org\springframework\boot\spring-boot-starter-jdbc\2.7.4\spring-boot-starter-jdbc-2.7.4.jar;D:\dev\localRepository\com\zaxxer\HikariCP\4.0.3\HikariCP-4.0.3.jar;D:\dev\localRepository\org\springframework\spring-jdbc\5.3.23\spring-jdbc-5.3.23.jar;D:\dev\localRepository\org\mybatis\spring\boot\mybatis-spring-boot-autoconfigure\2.2.0\mybatis-spring-boot-autoconfigure-2.2.0.jar;D:\dev\localRepository\org\mybatis\mybatis\3.5.7\mybatis-3.5.7.jar;D:\dev\localRepository\org\mybatis\mybatis-spring\2.0.6\mybatis-spring-2.0.6.jar;D:\dev\localRepository\org\springframework\boot\spring-boot-starter-data-redis\2.7.4\spring-boot-starter-data-redis-2.7.4.jar;D:\dev\localRepository\org\springframework\data\spring-data-redis\2.7.3\spring-data-redis-2.7.3.jar;D:\dev\localRepository\org\springframework\data\spring-data-keyvalue\2.7.3\spring-data-keyvalue-2.7.3.jar;D:\dev\localRepository\org\springframework\data\spring-data-commons\2.7.3\spring-data-commons-2.7.3.jar;D:\dev\localRepository\org\springframework\spring-tx\5.3.23\spring-tx-5.3.23.jar;D:\dev\localRepository\org\springframework\spring-oxm\5.3.23\spring-oxm-5.3.23.jar;D:\dev\localRepository\org\springframework\spring-context-support\5.3.23\spring-context-support-5.3.23.jar;D:\dev\localRepository\org\slf4j\slf4j-api\1.7.36\slf4j-api-1.7.36.jar;D:\dev\localRepository\io\lettuce\lettuce-core\6.1.9.RELEASE\lettuce-core-6.1.9.RELEASE.jar;D:\dev\localRepository\io\netty\netty-common\4.1.82.Final\netty-common-4.1.82.Final.jar;D:\dev\localRepository\io\netty\netty-handler\4.1.82.Final\netty-handler-4.1.82.Final.jar;D:\dev\localRepository\io\netty\netty-resolver\4.1.82.Final\netty-resolver-4.1.82.Final.jar;D:\dev\localRepository\io\netty\netty-buffer\4.1.82.Final\netty-buffer-4.1.82.Final.jar;D:\dev\localRepository\io\netty\netty-transport-native-unix-common\4.1.82.Final\netty-transport-native-unix-common-4.1.82.Final.jar;D:\dev\localRepository\io\netty\netty-codec\4.1.82.Final\netty-codec-4.1.82.Final.jar;D:\dev\localRepository\io\netty\netty-transport\4.1.82.Final\netty-transport-4.1.82.Final.jar;D:\dev\localRepository\io\projectreactor\reactor-core\3.4.23\reactor-core-3.4.23.jar;D:\dev\localRepository\org\reactivestreams\reactive-streams\1.0.4\reactive-streams-1.0.4.jar;D:\dev\localRepository\org\springframework\session\spring-session-data-redis\2.7.0\spring-session-data-redis-2.7.0.jar;D:\dev\localRepository\org\springframework\session\spring-session-core\2.7.0\spring-session-core-2.7.0.jar;D:\dev\localRepository\org\springframework\spring-jcl\5.3.23\spring-jcl-5.3.23.jar;D:\dev\localRepository\org\apache\commons\commons-pool2\2.11.1\commons-pool2-2.11.1.jar;D:\dev\localRepository\mysql\mysql-connector-java\8.0.30\mysql-connector-java-8.0.30.jar;D:\dev\localRepository\cn\hutool\hutool-all\5.7.22\hutool-all-5.7.22.jar;D:\dev\localRepository\org\projectlombok\lombok\1.16.20\lombok-1.16.20.jar;D:\dev\localRepository\org\springframework\boot\spring-boot-starter-test\2.7.4\spring-boot-starter-test-2.7.4.jar;D:\dev\localRepository\org\springframework\boot\spring-boot-test\2.7.4\spring-boot-test-2.7.4.jar;D:\dev\localRepository\org\springframework\boot\spring-boot-test-autoconfigure\2.7.4\spring-boot-test-autoconfigure-2.7.4.jar;D:\dev\localRepository\com\jayway\jsonpath\json-path\2.7.0\json-path-2.7.0.jar;D:\dev\localRepository\net\minidev\json-smart\2.4.8\json-smart-2.4.8.jar;D:\dev\localRepository\net\minidev\accessors-smart\2.4.8\accessors-smart-2.4.8.jar;D:\dev\localRepository\org\ow2\asm\asm\9.1\asm-9.1.jar;D:\dev\localRepository\jakarta\xml\bind\jakarta.xml.bind-api\2.3.3\jakarta.xml.bind-api-2.3.3.jar;D:\dev\localRepository\jakarta\activation\jakarta.activation-api\1.2.2\jakarta.activation-api-1.2.2.jar;D:\dev\localRepository\org\assertj\assertj-core\3.22.0\assertj-core-3.22.0.jar;D:\dev\localRepository\org\hamcrest\hamcrest\2.2\hamcrest-2.2.jar;D:\dev\localRepository\org\junit\jupiter\junit-jupiter\5.8.2\junit-jupiter-5.8.2.jar;D:\dev\localRepository\org\junit\jupiter\junit-jupiter-api\5.8.2\junit-jupiter-api-5.8.2.jar;D:\dev\localRepository\org\opentest4j\opentest4j\1.2.0\opentest4j-1.2.0.jar;D:\dev\localRepository\org\junit\platform\junit-platform-commons\1.8.2\junit-platform-commons-1.8.2.jar;D:\dev\localRepository\org\apiguardian\apiguardian-api\1.1.2\apiguardian-api-1.1.2.jar;D:\dev\localRepository\org\junit\jupiter\junit-jupiter-params\5.8.2\junit-jupiter-params-5.8.2.jar;D:\dev\localRepository\org\junit\jupiter\junit-jupiter-engine\5.8.2\junit-jupiter-engine-5.8.2.jar;D:\dev\localRepository\org\junit\platform\junit-platform-engine\1.8.2\junit-platform-engine-1.8.2.jar;D:\dev\localRepository\org\mockito\mockito-core\4.5.1\mockito-core-4.5.1.jar;D:\dev\localRepository\net\bytebuddy\byte-buddy\1.12.17\byte-buddy-1.12.17.jar;D:\dev\localRepository\net\bytebuddy\byte-buddy-agent\1.12.17\byte-buddy-agent-1.12.17.jar;D:\dev\localRepository\org\objenesis\objenesis\3.2\objenesis-3.2.jar;D:\dev\localRepository\org\mockito\mockito-junit-jupiter\4.5.1\mockito-junit-jupiter-4.5.1.jar;D:\dev\localRepository\org\skyscreamer\jsonassert\1.5.1\jsonassert-1.5.1.jar;D:\dev\localRepository\com\vaadin\external\google\android-json\0.0.20131108.vaadin1\android-json-0.0.20131108.vaadin1.jar;D:\dev\localRepository\org\springframework\spring-core\5.3.23\spring-core-5.3.23.jar;D:\dev\localRepository\org\springframework\spring-test\5.3.23\spring-test-5.3.23.jar;D:\dev\localRepository\org\xmlunit\xmlunit-core\2.9.0\xmlunit-core-2.9.0.jar;D:\dev\localRepository\junit\junit\4.13.2\junit-4.13.2.jar;D:\dev\localRepository\org\hamcrest\hamcrest-core\2.2\hamcrest-core-2.2.jar;D:\dev\localRepository\com\alibaba\fastjson\1.2.58\fastjson-1.2.58.jar;D:\dev\localRepository\org\springframework\cloud\spring-cloud-starter-openfeign\3.1.4\spring-cloud-starter-openfeign-3.1.4.jar;D:\dev\localRepository\org\springframework\cloud\spring-cloud-openfeign-core\3.1.4\spring-cloud-openfeign-core-3.1.4.jar;D:\dev\localRepository\org\springframework\boot\spring-boot-starter-aop\2.7.4\spring-boot-starter-aop-2.7.4.jar;D:\dev\localRepository\org\aspectj\aspectjweaver\1.9.7\aspectjweaver-1.9.7.jar;D:\dev\localRepository\io\github\openfeign\form\feign-form-spring\3.8.0\feign-form-spring-3.8.0.jar;D:\dev\localRepository\io\github\openfeign\form\feign-form\3.8.0\feign-form-3.8.0.jar;D:\dev\localRepository\commons-fileupload\commons-fileupload\1.4\commons-fileupload-1.4.jar;D:\dev\localRepository\org\springframework\cloud\spring-cloud-commons\3.1.4\spring-cloud-commons-3.1.4.jar;D:\dev\localRepository\org\springframework\security\spring-security-crypto\5.7.3\spring-security-crypto-5.7.3.jar;D:\dev\localRepository\io\github\openfeign\feign-core\11.8\feign-core-11.8.jar;D:\dev\localRepository\io\github\openfeign\feign-slf4j\11.8\feign-slf4j-11.8.jar;D:\dev\localRepository\commons-beanutils\commons-beanutils\1.9.3\commons-beanutils-1.9.3.jar;D:\dev\localRepository\commons-logging\commons-logging\1.2\commons-logging-1.2.jar;D:\dev\localRepository\commons-collections\commons-collections\3.2.2\commons-collections-3.2.2.jar;"/>
    <property name="sun.cpu.endian" value="little"/>
    <property name="user.home" value="C:\Users\longlufeng"/>
    <property name="user.language" value="zh"/>
    <property name="java.specification.vendor" value="Oracle Corporation"/>
    <property name="java.home" value="D:\Java\jdk1.8.0_202\jre"/>
    <property name="basedir" value="C:\code\mall-cloud\mall-user"/>
    <property name="file.separator" value="\"/>
    <property name="line.separator" value="&#10;"/>
    <property name="java.vm.specification.vendor" value="Oracle Corporation"/>
    <property name="java.specification.name" value="Java Platform API Specification"/>
    <property name="java.awt.graphicsenv" value="sun.awt.Win32GraphicsEnvironment"/>
    <property name="surefire.real.class.path" value="C:\Users\LONGLU~1\AppData\Local\Temp\surefire4110667956405992831\surefirebooter2123733541729494352.jar"/>
    <property name="sun.boot.class.path" value="D:\Java\jdk1.8.0_202\jre\lib\resources.jar;D:\Java\jdk1.8.0_202\jre\lib\rt.jar;D:\Java\jdk1.8.0_202\jre\lib\sunrsasign.jar;D:\Java\jdk1.8.0_202\jre\lib\jsse.jar;D:\Java\jdk1.8.0_202\jre\lib\jce.jar;D:\Java\jdk1.8.0_202\jre\lib\charsets.jar;D:\Java\jdk1.8.0_202\jre\lib\jfr.jar;D:\Java\jdk1.8.0_202\jre\classes"/>
    <property name="user.script" value=""/>
    <property name="sun.management.compiler" value="HotSpot 64-Bit Tiered Compilers"/>
    <property name="java.runtime.version" value="1.8.0_202-b08"/>
    <property name="user.name" value="longlufeng"/>
    <property name="path.separator" value=";"/>
    <property name="os.version" value="10.0"/>
    <property name="java.endorsed.dirs" value="D:\Java\jdk1.8.0_202\jre\lib\endorsed"/>
    <property name="java.runtime.name" value="Java(TM) SE Runtime Environment"/>
    <property name="file.encoding" value="GBK"/>
    <property name="java.vm.name" value="Java HotSpot(TM) 64-Bit Server VM"/>
    <property name="localRepository" value="D:\dev\localRepository"/>
    <property name="java.vendor.url.bug" value="http://bugreport.sun.com/bugreport/"/>
    <property name="java.io.tmpdir" value="C:\Users\LONGLU~1\AppData\Local\Temp\"/>
    <property name="java.version" value="1.8.0_202"/>
    <property name="user.dir" value="C:\code\mall-cloud\mall-user"/>
    <property name="os.arch" value="amd64"/>
    <property name="java.vm.specification.name" value="Java Virtual Machine Specification"/>
    <property name="java.awt.printerjob" value="sun.awt.windows.WPrinterJob"/>
    <property name="sun.os.patch.level" value=""/>
    <property name="java.library.path" value="D:\Java\jdk1.8.0_202\jre\bin;C:\WINDOWS\Sun\Java\bin;C:\WINDOWS\system32;C:\WINDOWS;D:/Java/jdk1.8.0_202/bin/../jre/bin/server;D:/Java/jdk1.8.0_202/bin/../jre/bin;D:/Java/jdk1.8.0_202/bin/../jre/lib/amd64;C:\WINDOWS\system32;C:\WINDOWS;C:\WINDOWS\System32\Wbem;C:\WINDOWS\System32\WindowsPowerShell\v1.0\;C:\WINDOWS\System32\OpenSSH\;D:\apache-maven-3.6.3\bin;D:\OpenSSL-Win64\bin;D:\1_developerTool\apache-ant-1.10.10-bin\apache-ant-1.10.10\bin;C:\Program Files\IDM Computer Solutions\UltraEdit;D:\Java\jdk1.8.0_202\bin;D:\nodejs\;D:\21softInstallPath\Git\cmd;C:\Users\longlufeng\AppData\Roaming\npm;C:\Users\longlufeng\AppData\Local\Microsoft\WindowsApps;C:\Users\longlufeng\AppData\Local\GitHubDesktop\bin;C:\Users\longlufeng\AppData\Roaming\npm;d:\Microsoft VS Code\bin;D:\20developerTools\Redis-x64-3.0.504;D:\apache-maven-3.6.3\bin;;C:\Users\longlufeng\AppData\Local\Microsoft\WindowsApps;D:\20developerTools\eclipse\eclipse;;."/>
    <property name="java.vm.info" value="mixed mode"/>
    <property name="java.vendor" value="Oracle Corporation"/>
    <property name="java.vm.version" value="25.202-b08"/>
    <property name="java.ext.dirs" value="D:\Java\jdk1.8.0_202\jre\lib\ext;C:\WINDOWS\Sun\Java\lib\ext"/>
    <property name="sun.io.unicode.encoding" value="UnicodeLittle"/>
    <property name="java.class.version" value="52.0"/>
  </properties>
  <testcase name="testOne" classname="com.llf.Test" time="0.324"/>
</testsuite>